Exception at PC 0x00007FF82ED1478C
Unable to capture context for thread 23080 in process 15224, can not generate back trace
Unable to capture context for thread 23080 in process 15224, can not generate back trace
Exception at PC 0x00007FF82ED1478C
Exception at PC 0x00007FFFCC61BB93
Printing stacktrace...

Exception at PC 0x00007FF82ED1478C
Exception at PC 0x00007FF82ED1478C
Exception at PC 0x00007FF82ED1478C
Exception at PC 0x00007FF82ED1478C
Exception at PC 0x00007FF82ED1478C
Exception at PC 0x00007FF82ED1478C
Exception at PC 0x00007FF82ED1478C
Exception at PC 0x00007FF82ED1478C
Exception at PC 0x00007FF82ED1478C
Exception at PC 0x00007FF82ED1478C
Exception at PC 0x00007FF82ED1478C
Exception at PC 0x00007FF82ED1478C
Exception at PC 0x00007FF82ED1478C
Exception at PC 0x00007FF82ED1478C
Exception at PC 0x00007FF82ED1478C
[0]  [0x00007FFFCC61BB93]
[1]  [0x00007FFFCC61BB93]
[2]  [0x00007FFFCC61B4A1]
[3]  [0x00007FFFCC61B3EF]
[4]  [0x00007FFFCC6019FE]
[5]  [0x00007FFFCC600ED1]
[6]  [0x00007FFFCC600D76]
[7]  [0x00007FFFCC5A79F6]
[8]  [0x00007FFFCC597AFB]
[9]  [0x00007FFFCC6BE90A]
[10]  [0x00007FFFCC6D9F87]
[11]  [0x00007FFFCC6DA05F]
[12] (BaseThreadInitThunk+0x10) [0x00007FF830E554E0]
[13] (RtlUserThreadStart+0x2b) [0x00007FF8316C485B]
Done
