Unable to capture context for thread 25888 in process 17144, can not generate back trace
Exception at PC 0x00007FFD47B8BB93
Printing stacktrace...

Exception at PC 0x00007FFDEB6F478C
Exception at PC 0x00007FFDEB6F478C
Exception at PC 0x00007FFDEB6F478C
Exception at PC 0x00007FFDEB6F478C
Exception at PC 0x00007FFDEB6F478C
Exception at PC 0x00007FFDEB6F478C
Exception at PC 0x00007FFDEB6F478C
Exception at PC 0x00007FFDEB6F478C
Exception at PC 0x00007FFDEB6F478C
Exception at PC 0x00007FFDEB6F478C
Exception at PC 0x00007FFDEB6F478C
Exception at PC 0x00007FFDEB6F478C
Exception at PC 0x00007FFDEB6F478C
Exception at PC 0x00007FFDEB6F478C
Exception at PC 0x00007FFDEB6F478C
Exception at PC 0x00007FFDEB6F478C
[0]  [0x00007FFD47B8BB93]
[1]  [0x00007FFD47B8BB93]
[2]  [0x00007FFD47B8B4A1]
[3]  [0x00007FFD47B8B3EF]
[4]  [0x00007FFD47B719FE]
[5]  [0x00007FFD47B70ED1]
[6]  [0x00007FFD47B70D76]
[7]  [0x00007FFD47B179F6]
[8]  [0x00007FFD47B07AFB]
[9]  [0x00007FFD47C2E90A]
[10]  [0x00007FFD47C49F87]
[11]  [0x00007FFD47C4A05F]
[12] (BaseThreadInitThunk+0x10) [0x00007FFDEBFF54E0]
[13] (RtlUserThreadStart+0x2b) [0x00007FFDEDEE485B]
Done
Exception at PC 0x00007FFDEB6F478C
