
*** Running vivado
    with args -log full_adder.vdi -applog -m64 -product Vivado -messageDb vivado.pb -mode batch -source full_adder.tcl -notrace


****** Vivado v2016.4 (64-bit)
  **** SW Build 1756540 on Mon Jan 23 19:11:23 MST 2017
  **** IP Build 1755317 on Mon Jan 23 20:30:07 MST 2017
    ** Copyright 1986-2016 Xilinx, Inc. All Rights Reserved.

source full_adder.tcl -notrace
Design is defaulting to srcset: sources_1
Design is defaulting to constrset: constrs_1
INFO: [Netlist 29-17] Analyzing 3 Unisim elements for replacement
INFO: [Netlist 29-28] Unisim Transformation completed in 0 CPU seconds
INFO: [Project 1-479] Netlist was created with Vivado 2016.4
INFO: [Device 21-403] Loading part xc7z010clg400-1
INFO: [Project 1-570] Preparing netlist for logic optimization
Parsing XDC File [D:/23221111/Data S2/Semester 2/System on Chip/Project/Tutorial 2/Tutorial 2.srcs/constrs_1/new/ZYBO_master.xdc]
Finished Parsing XDC File [D:/23221111/Data S2/Semester 2/System on Chip/Project/Tutorial 2/Tutorial 2.srcs/constrs_1/new/ZYBO_master.xdc]
INFO: [Opt 31-138] Pushed 0 inverter(s) to 0 load pin(s).
INFO: [Project 1-111] Unisim Transformation Summary:
No Unisim elements were transformed.

link_design: Time (s): cpu = 00:00:05 ; elapsed = 00:00:06 . Memory (MB): peak = 457.121 ; gain = 246.813
INFO: [Vivado_Tcl 4-424] Cannot write hardware definition file as there are no IPI block design hardware handoff files present
Command: opt_design
Attempting to get a license for feature 'Implementation' and/or device 'xc7z010'
INFO: [Common 17-349] Got license for feature 'Implementation' and/or device 'xc7z010'
Running DRC as a precondition to command opt_design

Starting DRC Task
INFO: [DRC 23-27] Running DRC with 2 threads
INFO: [Project 1-461] DRC finished with 0 Errors
INFO: [Project 1-462] Please refer to the DRC report (report_drc) for more information.

Time (s): cpu = 00:00:01 ; elapsed = 00:00:00.278 . Memory (MB): peak = 460.895 ; gain = 3.773
INFO: [Timing 38-35] Done setting XDC timing constraints.

Starting Logic Optimization Task
Implement Debug Cores | Checksum: cff63a20

Phase 1 Retarget
INFO: [Opt 31-138] Pushed 0 inverter(s) to 0 load pin(s).
INFO: [Opt 31-49] Retargeted 0 cell(s).
Phase 1 Retarget | Checksum: cff63a20

Time (s): cpu = 00:00:00 ; elapsed = 00:00:00.054 . Memory (MB): peak = 908.902 ; gain = 0.000

Phase 2 Constant propagation
INFO: [Opt 31-138] Pushed 0 inverter(s) to 0 load pin(s).
INFO: [Opt 31-10] Eliminated 0 cells.
Phase 2 Constant propagation | Checksum: cff63a20

Time (s): cpu = 00:00:00 ; elapsed = 00:00:00.107 . Memory (MB): peak = 908.902 ; gain = 0.000

Phase 3 Sweep
INFO: [Opt 31-12] Eliminated 0 unconnected nets.
INFO: [Opt 31-11] Eliminated 0 unconnected cells.
Phase 3 Sweep | Checksum: cff63a20

Time (s): cpu = 00:00:00 ; elapsed = 00:00:00.129 . Memory (MB): peak = 908.902 ; gain = 0.000

Phase 4 BUFG optimization
INFO: [Opt 31-12] Eliminated 0 unconnected nets.
INFO: [Opt 31-11] Eliminated 0 unconnected cells.
Phase 4 BUFG optimization | Checksum: cff63a20

Time (s): cpu = 00:00:00 ; elapsed = 00:00:00.170 . Memory (MB): peak = 908.902 ; gain = 0.000

Starting Connectivity Check Task

Time (s): cpu = 00:00:00 ; elapsed = 00:00:00.002 . Memory (MB): peak = 908.902 ; gain = 0.000
Ending Logic Optimization Task | Checksum: cff63a20

Time (s): cpu = 00:00:00 ; elapsed = 00:00:00.214 . Memory (MB): peak = 908.902 ; gain = 0.000

Starting Power Optimization Task
INFO: [Pwropt 34-132] Skipping clock gating for clocks with a period < 2.00 ns.
Ending Power Optimization Task | Checksum: cff63a20

Time (s): cpu = 00:00:00 ; elapsed = 00:00:00.064 . Memory (MB): peak = 908.902 ; gain = 0.000
INFO: [Common 17-83] Releasing license: Implementation
23 Infos, 0 Warnings, 0 Critical Warnings and 0 Errors encountered.
opt_design completed successfully
opt_design: Time (s): cpu = 00:00:13 ; elapsed = 00:00:14 . Memory (MB): peak = 908.902 ; gain = 451.781
Writing placer database...
Writing XDEF routing.
Writing XDEF routing logical nets.
Writing XDEF routing special nets.
Write XDEF Complete: Time (s): cpu = 00:00:00 ; elapsed = 00:00:00.056 . Memory (MB): peak = 908.902 ; gain = 0.000
INFO: [Common 17-1381] The checkpoint 'D:/23221111/Data S2/Semester 2/System on Chip/Project/Tutorial 2/Tutorial 2.runs/impl_1/full_adder_opt.dcp' has been generated.
INFO: [DRC 23-27] Running DRC with 2 threads
INFO: [Coretcl 2-168] The results of DRC are in file D:/23221111/Data S2/Semester 2/System on Chip/Project/Tutorial 2/Tutorial 2.runs/impl_1/full_adder_drc_opted.rpt.
INFO: [Chipscope 16-241] No debug cores found in the current design.
Before running the implement_debug_core command, either use the Set Up Debug wizard (GUI mode)
or use the create_debug_core and connect_debug_core Tcl commands to insert debug cores into the design.
Command: place_design
Attempting to get a license for feature 'Implementation' and/or device 'xc7z010'
INFO: [Common 17-349] Got license for feature 'Implementation' and/or device 'xc7z010'
INFO: [DRC 23-27] Running DRC with 2 threads
INFO: [Vivado_Tcl 4-198] DRC finished with 0 Errors
INFO: [Vivado_Tcl 4-199] Please refer to the DRC report (report_drc) for more information.
Running DRC as a precondition to command place_design
INFO: [DRC 23-27] Running DRC with 2 threads
INFO: [Vivado_Tcl 4-198] DRC finished with 0 Errors
INFO: [Vivado_Tcl 4-199] Please refer to the DRC report (report_drc) for more information.

Starting Placer Task
INFO: [Place 30-611] Multithreading enabled for place_design using a maximum of 2 CPUs

Phase 1 Placer Initialization
Netlist sorting complete. Time (s): cpu = 00:00:00 ; elapsed = 00:00:00 . Memory (MB): peak = 908.902 ; gain = 0.000
Netlist sorting complete. Time (s): cpu = 00:00:00 ; elapsed = 00:00:00 . Memory (MB): peak = 908.902 ; gain = 0.000

Phase 1.1 IO Placement/ Clock Placement/ Build Placer Device
INFO: [Timing 38-35] Done setting XDC timing constraints.
Phase 1.1 IO Placement/ Clock Placement/ Build Placer Device | Checksum: 98fcd878

Time (s): cpu = 00:00:00 ; elapsed = 00:00:00.532 . Memory (MB): peak = 923.922 ; gain = 15.020

Phase 1.2 Build Placer Netlist Model
Phase 1.2 Build Placer Netlist Model | Checksum: acf75a0e

Time (s): cpu = 00:00:00 ; elapsed = 00:00:00.582 . Memory (MB): peak = 923.922 ; gain = 15.020

Phase 1.3 Constrain Clocks/Macros
Phase 1.3 Constrain Clocks/Macros | Checksum: acf75a0e

Time (s): cpu = 00:00:00 ; elapsed = 00:00:00.584 . Memory (MB): peak = 923.922 ; gain = 15.020
Phase 1 Placer Initialization | Checksum: acf75a0e

Time (s): cpu = 00:00:00 ; elapsed = 00:00:00.599 . Memory (MB): peak = 923.922 ; gain = 15.020

Phase 2 Global Placement
Phase 2 Global Placement | Checksum: a7ea00da

Time (s): cpu = 00:00:00 ; elapsed = 00:00:00.752 . Memory (MB): peak = 923.922 ; gain = 15.020

Phase 3 Detail Placement

Phase 3.1 Commit Multi Column Macros
Phase 3.1 Commit Multi Column Macros | Checksum: a7ea00da

Time (s): cpu = 00:00:00 ; elapsed = 00:00:00.764 . Memory (MB): peak = 923.922 ; gain = 15.020

Phase 3.2 Commit Most Macros & LUTRAMs
Phase 3.2 Commit Most Macros & LUTRAMs | Checksum: f3329738

Time (s): cpu = 00:00:00 ; elapsed = 00:00:00.777 . Memory (MB): peak = 923.922 ; gain = 15.020

Phase 3.3 Area Swap Optimization
Phase 3.3 Area Swap Optimization | Checksum: 12a3a90b9

Time (s): cpu = 00:00:00 ; elapsed = 00:00:00.781 . Memory (MB): peak = 923.922 ; gain = 15.020

Phase 3.4 Pipeline Register Optimization
Phase 3.4 Pipeline Register Optimization | Checksum: 12a3a90b9

Time (s): cpu = 00:00:00 ; elapsed = 00:00:00.782 . Memory (MB): peak = 923.922 ; gain = 15.020

Phase 3.5 Small Shape Detail Placement
Phase 3.5 Small Shape Detail Placement | Checksum: 1e395142c

Time (s): cpu = 00:00:00 ; elapsed = 00:00:00.855 . Memory (MB): peak = 923.922 ; gain = 15.020

Phase 3.6 Re-assign LUT pins
Phase 3.6 Re-assign LUT pins | Checksum: 1e395142c

Time (s): cpu = 00:00:00 ; elapsed = 00:00:00.857 . Memory (MB): peak = 923.922 ; gain = 15.020

Phase 3.7 Pipeline Register Optimization
Phase 3.7 Pipeline Register Optimization | Checksum: 1e395142c

Time (s): cpu = 00:00:00 ; elapsed = 00:00:00.858 . Memory (MB): peak = 923.922 ; gain = 15.020
Phase 3 Detail Placement | Checksum: 1e395142c

Time (s): cpu = 00:00:00 ; elapsed = 00:00:00.859 . Memory (MB): peak = 923.922 ; gain = 15.020

Phase 4 Post Placement Optimization and Clean-Up

Phase 4.1 Post Commit Optimization
Phase 4.1 Post Commit Optimization | Checksum: 1e395142c

Time (s): cpu = 00:00:00 ; elapsed = 00:00:00.861 . Memory (MB): peak = 923.922 ; gain = 15.020

Phase 4.2 Post Placement Cleanup
Phase 4.2 Post Placement Cleanup | Checksum: 1e395142c

Time (s): cpu = 00:00:00 ; elapsed = 00:00:00.907 . Memory (MB): peak = 923.922 ; gain = 15.020

Phase 4.3 Placer Reporting
Phase 4.3 Placer Reporting | Checksum: 1e395142c

Time (s): cpu = 00:00:00 ; elapsed = 00:00:00.910 . Memory (MB): peak = 923.922 ; gain = 15.020

Phase 4.4 Final Placement Cleanup
Phase 4.4 Final Placement Cleanup | Checksum: 1e395142c

Time (s): cpu = 00:00:00 ; elapsed = 00:00:00.911 . Memory (MB): peak = 923.922 ; gain = 15.020
Phase 4 Post Placement Optimization and Clean-Up | Checksum: 1e395142c

Time (s): cpu = 00:00:00 ; elapsed = 00:00:00.911 . Memory (MB): peak = 923.922 ; gain = 15.020
Ending Placer Task | Checksum: 11e194010

Time (s): cpu = 00:00:00 ; elapsed = 00:00:00.929 . Memory (MB): peak = 923.922 ; gain = 15.020
INFO: [Common 17-83] Releasing license: Implementation
37 Infos, 0 Warnings, 0 Critical Warnings and 0 Errors encountered.
place_design completed successfully
Writing placer database...
Writing XDEF routing.
Writing XDEF routing logical nets.
Writing XDEF routing special nets.
Write XDEF Complete: Time (s): cpu = 00:00:00 ; elapsed = 00:00:00.050 . Memory (MB): peak = 923.922 ; gain = 0.000
INFO: [Common 17-1381] The checkpoint 'D:/23221111/Data S2/Semester 2/System on Chip/Project/Tutorial 2/Tutorial 2.runs/impl_1/full_adder_placed.dcp' has been generated.
report_io: Time (s): cpu = 00:00:00 ; elapsed = 00:00:00.038 . Memory (MB): peak = 923.922 ; gain = 0.000
report_utilization: Time (s): cpu = 00:00:00 ; elapsed = 00:00:00.013 . Memory (MB): peak = 923.922 ; gain = 0.000
report_control_sets: Time (s): cpu = 00:00:00 ; elapsed = 00:00:00.002 . Memory (MB): peak = 923.922 ; gain = 0.000
Command: route_design
Attempting to get a license for feature 'Implementation' and/or device 'xc7z010'
INFO: [Common 17-349] Got license for feature 'Implementation' and/or device 'xc7z010'
Running DRC as a precondition to command route_design
INFO: [DRC 23-27] Running DRC with 2 threads
INFO: [Vivado_Tcl 4-198] DRC finished with 0 Errors
INFO: [Vivado_Tcl 4-199] Please refer to the DRC report (report_drc) for more information.


Starting Routing Task
INFO: [Route 35-254] Multithreading enabled for route_design using a maximum of 2 CPUs
Checksum: PlaceDB: e1c22291 ConstDB: 0 ShapeSum: 3c571d7f RouteDB: 0

Phase 1 Build RT Design
Phase 1 Build RT Design | Checksum: ef9cccaa

Time (s): cpu = 00:00:20 ; elapsed = 00:00:19 . Memory (MB): peak = 990.117 ; gain = 66.195

Phase 2 Router Initialization
INFO: [Route 35-64] No timing constraints were detected. The router will operate in resource-optimization mode.

Phase 2.1 Fix Topology Constraints
Phase 2.1 Fix Topology Constraints | Checksum: ef9cccaa

Time (s): cpu = 00:00:21 ; elapsed = 00:00:19 . Memory (MB): peak = 996.113 ; gain = 72.191

Phase 2.2 Pre Route Cleanup
Phase 2.2 Pre Route Cleanup | Checksum: ef9cccaa

Time (s): cpu = 00:00:21 ; elapsed = 00:00:19 . Memory (MB): peak = 996.113 ; gain = 72.191
 Number of Nodes with overlaps = 0
Phase 2 Router Initialization | Checksum: b9d65f53

Time (s): cpu = 00:00:21 ; elapsed = 00:00:19 . Memory (MB): peak = 996.113 ; gain = 72.191

Phase 3 Initial Routing
 Number of Nodes with overlaps = 0
Phase 3 Initial Routing | Checksum: 14f9fca98

Time (s): cpu = 00:00:21 ; elapsed = 00:00:19 . Memory (MB): peak = 996.113 ; gain = 72.191

Phase 4 Rip-up And Reroute

Phase 4.1 Global Iteration 0
Phase 4.1 Global Iteration 0 | Checksum: 14f9fca98

Time (s): cpu = 00:00:21 ; elapsed = 00:00:19 . Memory (MB): peak = 996.113 ; gain = 72.191

Phase 4.2 Global Iteration 1
Phase 4.2 Global Iteration 1 | Checksum: 14f9fca98

Time (s): cpu = 00:00:21 ; elapsed = 00:00:19 . Memory (MB): peak = 996.113 ; gain = 72.191

Phase 4.3 Global Iteration 2
Phase 4.3 Global Iteration 2 | Checksum: 14f9fca98

Time (s): cpu = 00:00:21 ; elapsed = 00:00:19 . Memory (MB): peak = 996.113 ; gain = 72.191

Phase 4.4 Global Iteration 3
Phase 4.4 Global Iteration 3 | Checksum: 14f9fca98

Time (s): cpu = 00:00:21 ; elapsed = 00:00:19 . Memory (MB): peak = 996.113 ; gain = 72.191

Phase 4.5 Global Iteration 4
Phase 4.5 Global Iteration 4 | Checksum: 14f9fca98

Time (s): cpu = 00:00:21 ; elapsed = 00:00:19 . Memory (MB): peak = 996.113 ; gain = 72.191
Phase 4 Rip-up And Reroute | Checksum: 14f9fca98

Time (s): cpu = 00:00:21 ; elapsed = 00:00:19 . Memory (MB): peak = 996.113 ; gain = 72.191

Phase 5 Delay and Skew Optimization
Phase 5 Delay and Skew Optimization | Checksum: 14f9fca98

Time (s): cpu = 00:00:21 ; elapsed = 00:00:19 . Memory (MB): peak = 996.113 ; gain = 72.191

Phase 6 Post Hold Fix

Phase 6.1 Hold Fix Iter
Phase 6.1 Hold Fix Iter | Checksum: 14f9fca98

Time (s): cpu = 00:00:21 ; elapsed = 00:00:19 . Memory (MB): peak = 996.113 ; gain = 72.191
Phase 6 Post Hold Fix | Checksum: 14f9fca98

Time (s): cpu = 00:00:21 ; elapsed = 00:00:19 . Memory (MB): peak = 996.113 ; gain = 72.191

Phase 7 Route finalize

Router Utilization Summary
  Global Vertical Routing Utilization    = 0.0154842 %
  Global Horizontal Routing Utilization  = 0.00229779 %
  Routable Net Status*
  *Does not include unroutable nets such as driverless and loadless.
  Run report_route_status for detailed report.
  Number of Failed Nets               = 0
  Number of Unrouted Nets             = 0
  Number of Partially Routed Nets     = 0
  Number of Node Overlaps             = 0

Congestion Report
North Dir 1x1 Area, Max Cong = 16.2162%, No Congested Regions.
South Dir 1x1 Area, Max Cong = 16.2162%, No Congested Regions.
East Dir 1x1 Area, Max Cong = 4.41176%, No Congested Regions.
West Dir 1x1 Area, Max Cong = 2.94118%, No Congested Regions.
Phase 7 Route finalize | Checksum: 14f9fca98

Time (s): cpu = 00:00:21 ; elapsed = 00:00:19 . Memory (MB): peak = 996.113 ; gain = 72.191

Phase 8 Verifying routed nets

 Verification completed successfully
Phase 8 Verifying routed nets | Checksum: 14f9fca98

Time (s): cpu = 00:00:21 ; elapsed = 00:00:19 . Memory (MB): peak = 997.191 ; gain = 73.270

Phase 9 Depositing Routes
Phase 9 Depositing Routes | Checksum: 14f9fca98

Time (s): cpu = 00:00:21 ; elapsed = 00:00:19 . Memory (MB): peak = 997.191 ; gain = 73.270
INFO: [Route 35-16] Router Completed Successfully

Time (s): cpu = 00:00:21 ; elapsed = 00:00:19 . Memory (MB): peak = 997.191 ; gain = 73.270

Routing Is Done.
INFO: [Common 17-83] Releasing license: Implementation
46 Infos, 0 Warnings, 0 Critical Warnings and 0 Errors encountered.
route_design completed successfully
route_design: Time (s): cpu = 00:00:22 ; elapsed = 00:00:20 . Memory (MB): peak = 997.191 ; gain = 73.270
Writing placer database...
Writing XDEF routing.
Writing XDEF routing logical nets.
Writing XDEF routing special nets.
Write XDEF Complete: Time (s): cpu = 00:00:00 ; elapsed = 00:00:00.065 . Memory (MB): peak = 997.191 ; gain = 0.000
INFO: [Common 17-1381] The checkpoint 'D:/23221111/Data S2/Semester 2/System on Chip/Project/Tutorial 2/Tutorial 2.runs/impl_1/full_adder_routed.dcp' has been generated.
INFO: [DRC 23-27] Running DRC with 2 threads
INFO: [Coretcl 2-168] The results of DRC are in file D:/23221111/Data S2/Semester 2/System on Chip/Project/Tutorial 2/Tutorial 2.runs/impl_1/full_adder_drc_routed.rpt.
INFO: [Timing 38-35] Done setting XDC timing constraints.
INFO: [DRC 23-133] Running Methodology with 2 threads
INFO: [Coretcl 2-1520] The results of Report Methodology are in file D:/23221111/Data S2/Semester 2/System on Chip/Project/Tutorial 2/Tutorial 2.runs/impl_1/full_adder_methodology_drc_routed.rpt.
INFO: [Timing 38-35] Done setting XDC timing constraints.
INFO: [Timing 38-91] UpdateTimingParams: Speed grade: -1, Delay Type: min_max.
INFO: [Timing 38-191] Multithreading enabled for timing update using a maximum of 2 CPUs
INFO: [Timing 38-35] Done setting XDC timing constraints.
WARNING: [Timing 38-313] There are no user specified timing constraints. Timing constraints are needed for proper timing analysis.
Command: report_power -file full_adder_power_routed.rpt -pb full_adder_power_summary_routed.pb -rpx full_adder_power_routed.rpx
WARNING: [Power 33-232] No user defined clocks were found in the design!
Resolution: Please specify clocks using create_clock/create_generated_clock for sequential elements. For pure combinatorial circuits, please specify a virtual clock, otherwise the vectorless estimation might be inaccurate
Running Vector-less Activity Propagation...

Finished Running Vector-less Activity Propagation
56 Infos, 2 Warnings, 0 Critical Warnings and 0 Errors encountered.
report_power completed successfully
INFO: [Common 17-206] Exiting Vivado at Sun Mar 06 09:12:02 2022...

*** Running vivado
    with args -log full_adder.vdi -applog -m64 -product Vivado -messageDb vivado.pb -mode batch -source full_adder.tcl -notrace


****** Vivado v2016.4 (64-bit)
  **** SW Build 1756540 on Mon Jan 23 19:11:23 MST 2017
  **** IP Build 1755317 on Mon Jan 23 20:30:07 MST 2017
    ** Copyright 1986-2016 Xilinx, Inc. All Rights Reserved.

source full_adder.tcl -notrace
Command: open_checkpoint full_adder_routed.dcp

Starting open_checkpoint Task

Time (s): cpu = 00:00:00 ; elapsed = 00:00:00.019 . Memory (MB): peak = 209.688 ; gain = 0.000
INFO: [Netlist 29-17] Analyzing 3 Unisim elements for replacement
INFO: [Netlist 29-28] Unisim Transformation completed in 0 CPU seconds
INFO: [Project 1-479] Netlist was created with Vivado 2016.4
INFO: [Device 21-403] Loading part xc7z010clg400-1
INFO: [Project 1-570] Preparing netlist for logic optimization
Parsing XDC File [D:/23221111/Data S2/Semester 2/System on Chip/Project/Tutorial 2/Tutorial 2.runs/impl_1/.Xil/Vivado-20884-DESKTOP-BQ730G3/dcp/full_adder.xdc]
Finished Parsing XDC File [D:/23221111/Data S2/Semester 2/System on Chip/Project/Tutorial 2/Tutorial 2.runs/impl_1/.Xil/Vivado-20884-DESKTOP-BQ730G3/dcp/full_adder.xdc]
Reading XDEF placement.
Reading placer database...
Reading XDEF routing.
Read XDEF File: Time (s): cpu = 00:00:00 ; elapsed = 00:00:00.053 . Memory (MB): peak = 457.637 ; gain = 0.000
Restored from archive | CPU: 0.000000 secs | Memory: 0.000000 MB |
Finished XDEF File Restore: Time (s): cpu = 00:00:00 ; elapsed = 00:00:00.053 . Memory (MB): peak = 457.637 ; gain = 0.000
INFO: [Project 1-111] Unisim Transformation Summary:
No Unisim elements were transformed.

INFO: [Project 1-604] Checkpoint was created with Vivado v2016.4 (64-bit) build 1756540
open_checkpoint: Time (s): cpu = 00:00:07 ; elapsed = 00:00:07 . Memory (MB): peak = 457.637 ; gain = 247.949
Command: write_bitstream -force -no_partial_bitfile full_adder.bit
Attempting to get a license for feature 'Implementation' and/or device 'xc7z010'
INFO: [Common 17-349] Got license for feature 'Implementation' and/or device 'xc7z010'
Running DRC as a precondition to command write_bitstream
INFO: [DRC 23-27] Running DRC with 2 threads
WARNING: [DRC 23-20] Rule violation (ZPS7-1) PS7 block required - The PS7 cell must be used in this Zynq design in order to enable correct default configuration.
INFO: [Vivado 12-3199] DRC finished with 0 Errors, 1 Warnings
INFO: [Vivado 12-3200] Please refer to the DRC report (report_drc) for more information.
Loading data files...
Loading site data...
Loading route data...
Processing options...
Creating bitmap...
Creating bitstream...
Writing bitstream ./full_adder.bit...
INFO: [Vivado 12-1842] Bitgen Completed Successfully.
INFO: [Common 17-83] Releasing license: Implementation
13 Infos, 1 Warnings, 0 Critical Warnings and 0 Errors encountered.
write_bitstream completed successfully
write_bitstream: Time (s): cpu = 00:00:13 ; elapsed = 00:00:14 . Memory (MB): peak = 810.480 ; gain = 352.844
INFO: [Vivado_Tcl 4-395] Unable to parse hwdef file full_adder.hwdef
INFO: [Common 17-206] Exiting Vivado at Sun Mar 06 09:12:48 2022...
